# JRE version: Java(TM) SE Runtime Environment (19.0.2+7) (build 19.0.2+7-44)
# Java VM: Java HotSpot(TM) 64-Bit Server VM (19.0.2+7-44, mixed mode, sharing, tiered, compressed oops, compressed class ptrs, g1 gc, windows-amd64)
GC Precious Log:
 CardTable entry size: 512
 Card Set container configuration: InlinePtr #cards 5 size 8 Array Of Cards #cards 12 size 40 Howl #buckets 4 coarsen threshold 1843 Howl Bitmap #cards 512 size 80 coarsen threshold 460 Card regions per heap region 1 cards per card region 2048
 CPUs: 4 total, 4 available
 Memory: 8074M
 Large Page Support: Disabled
 NUMA Support: Disabled
 Compressed Oops: Enabled (32-bit)
 Heap Region Size: 1M
 Heap Min Capacity: 8M
 Heap Initial Capacity: 128M
 Heap Max Capacity: 2G
 Pre-touch: Disabled
 Parallel Workers: 4
 Concurrent Workers: 1
 Concurrent Refinement Workers: 4
 Periodic GC: Disabled
Heap:
 garbage-first heap   total 119808K, used 75222K [0x0000000080000000, 0x0000000100000000)
  region size 1024K, 3 young (3072K), 3 survivors (3072K)
 Metaspace       used 76701K, committed 78528K, reserved 552960K
  class space    used 10310K, committed 11264K, reserved 421888K
GC Heap History (20 events):
Event: 68.809 GC heap after
{Heap after GC invocations=31 (full 0):
 garbage-first heap   total 86016K, used 62312K [0x0000000080000000, 0x0000000100000000)
  region size 1024K, 2 young (2048K), 2 survivors (2048K)
 Metaspace       used 65533K, committed 67328K, reserved 487424K
  class space    used 8986K, committed 9920K, reserved 421888K
}
Event: 70.133 GC heap before
{Heap before GC invocations=31 (full 0):
 garbage-first heap   total 86016K, used 72552K [0x0000000080000000, 0x0000000100000000)
  region size 1024K, 11 young (11264K), 2 survivors (2048K)
 Metaspace       used 65693K, committed 67520K, reserved 487424K
  class space    used 9006K, committed 9984K, reserved 421888K
}
Event: 70.135 GC heap after
{Heap after GC invocations=32 (full 0):
 garbage-first heap   total 86016K, used 64998K [0x0000000080000000, 0x0000000100000000)
  region size 1024K, 2 young (2048K), 2 survivors (2048K)
 Metaspace       used 65693K, committed 67520K, reserved 487424K
  class space    used 9006K, committed 9984K, reserved 421888K
}
Event: 70.503 GC heap before
{Heap before GC invocations=32 (full 0):
 garbage-first heap   total 86016K, used 71142K [0x0000000080000000, 0x0000000100000000)
  region size 1024K, 8 young (8192K), 2 survivors (2048K)
 Metaspace       used 65697K, committed 67520K, reserved 487424K
  class space    used 9006K, committed 9984K, reserved 421888K
}
Event: 70.505 GC heap after
{Heap after GC invocations=33 (full 0):
 garbage-first heap   total 86016K, used 68526K [0x0000000080000000, 0x0000000100000000)
  region size 1024K, 1 young (1024K), 1 survivors (1024K)
 Metaspace       used 65697K, committed 67520K, reserved 487424K
  class space    used 9006K, committed 9984K, reserved 421888K
}
Event: 70.662 GC heap before
{Heap before GC invocations=33 (full 0):
 garbage-first heap   total 86016K, used 71598K [0x0000000080000000, 0x0000000100000000)
  region size 1024K, 4 young (4096K), 1 survivors (1024K)
 Metaspace       used 65873K, committed 67712K, reserved 487424K
  class space    used 9031K, committed 9984K, reserved 421888K
}
Event: 70.664 GC heap after
{Heap after GC invocations=34 (full 0):
 garbage-first heap   total 86016K, used 69283K [0x0000000080000000, 0x0000000100000000)
  region size 1024K, 1 young (1024K), 1 survivors (1024K)
 Metaspace       used 65873K, committed 67712K, reserved 487424K
  class space    used 9031K, committed 9984K, reserved 421888K
}
Event: 70.788 GC heap before
{Heap before GC invocations=34 (full 0):
 garbage-first heap   total 86016K, used 71331K [0x0000000080000000, 0x0000000100000000)
  region size 1024K, 4 young (4096K), 1 survivors (1024K)
 Metaspace       used 66379K, committed 68224K, reserved 487424K
  class space    used 9090K, committed 10048K, reserved 421888K
}
Event: 70.791 GC heap after
{Heap after GC invocations=35 (full 0):
 garbage-first heap   total 86016K, used 69352K [0x0000000080000000, 0x0000000100000000)
  region size 1024K, 1 young (1024K), 1 survivors (1024K)
 Metaspace       used 66379K, committed 68224K, reserved 487424K
  class space    used 9090K, committed 10048K, reserved 421888K
}
Event: 70.963 GC heap before
{Heap before GC invocations=36 (full 0):
 garbage-first heap   total 119808K, used 71400K [0x0000000080000000, 0x0000000100000000)
  region size 1024K, 4 young (4096K), 1 survivors (1024K)
 Metaspace       used 66748K, committed 68608K, reserved 487424K
  class space    used 9132K, committed 10112K, reserved 421888K
}
Event: 70.965 GC heap after
{Heap after GC invocations=37 (full 0):
 garbage-first heap   total 119808K, used 69429K [0x0000000080000000, 0x0000000100000000)
  region size 1024K, 1 young (1024K), 1 survivors (1024K)
 Metaspace       used 66748K, committed 68608K, reserved 487424K
  class space    used 9132K, committed 10112K, reserved 421888K
}
Event: 71.244 GC heap before
{Heap before GC invocations=37 (full 0):
 garbage-first heap   total 119808K, used 73525K [0x0000000080000000, 0x0000000100000000)
  region size 1024K, 5 young (5120K), 1 survivors (1024K)
 Metaspace       used 67311K, committed 69184K, reserved 487424K
  class space    used 9206K, committed 10176K, reserved 421888K
}
Event: 71.248 GC heap after
{Heap after GC invocations=38 (full 0):
 garbage-first heap   total 119808K, used 68362K [0x0000000080000000, 0x0000000100000000)
  region size 1024K, 1 young (1024K), 1 survivors (1024K)
 Metaspace       used 67311K, committed 69184K, reserved 487424K
  class space    used 9206K, committed 10176K, reserved 421888K
}
Event: 72.851 GC heap before
{Heap before GC invocations=38 (full 0):
 garbage-first heap   total 119808K, used 89866K [0x0000000080000000, 0x0000000100000000)
  region size 1024K, 23 young (23552K), 1 survivors (1024K)
 Metaspace       used 71077K, committed 72896K, reserved 487424K
  class space    used 9596K, committed 10560K, reserved 421888K
}
Event: 72.855 GC heap after
{Heap after GC invocations=39 (full 0):
 garbage-first heap   total 119808K, used 70324K [0x0000000080000000, 0x0000000100000000)
  region size 1024K, 3 young (3072K), 3 survivors (3072K)
 Metaspace       used 71077K, committed 72896K, reserved 487424K
  class space    used 9596K, committed 10560K, reserved 421888K
}
Event: 73.918 GC heap before
{Heap before GC invocations=39 (full 0):
 garbage-first heap   total 119808K, used 98996K [0x0000000080000000, 0x0000000100000000)
  region size 1024K, 25 young (25600K), 3 survivors (3072K)
 Metaspace       used 72596K, committed 74432K, reserved 487424K
  class space    used 9784K, committed 10752K, reserved 421888K
}
Event: 73.924 GC heap after
{Heap after GC invocations=40 (full 0):
 garbage-first heap   total 119808K, used 72752K [0x0000000080000000, 0x0000000100000000)
  region size 1024K, 4 young (4096K), 4 survivors (4096K)
 Metaspace       used 72596K, committed 74432K, reserved 487424K
  class space    used 9784K, committed 10752K, reserved 421888K
}
Event: 75.061 GC heap before
{Heap before GC invocations=40 (full 0):
 garbage-first heap   total 119808K, used 94256K [0x0000000080000000, 0x0000000100000000)
  region size 1024K, 25 young (25600K), 4 survivors (4096K)
 Metaspace       used 74514K, committed 76416K, reserved 552960K
  class space    used 10018K, committed 11008K, reserved 421888K
}
Event: 75.074 GC heap after
{Heap after GC invocations=41 (full 0):
 garbage-first heap   total 119808K, used 74060K [0x0000000080000000, 0x0000000100000000)
  region size 1024K, 2 young (2048K), 2 survivors (2048K)
 Metaspace       used 74514K, committed 76416K, reserved 552960K
  class space    used 10018K, committed 11008K, reserved 421888K
}
Event: 77.711 GC heap before
{Heap before GC invocations=41 (full 0):
 garbage-first heap   total 119808K, used 96588K [0x0000000080000000, 0x0000000100000000)
  region size 1024K, 24 young (24576K), 2 survivors (2048K)
 Metaspace       used 76701K, committed 78528K, reserved 552960K
  class space    used 10310K, committed 11264K, reserved 421888K
}

