# JRE version: Java(TM) SE Runtime Environment (19.0.2+7) (build 19.0.2+7-44)
# Java VM: Java HotSpot(TM) 64-Bit Server VM (19.0.2+7-44, mixed mode, sharing, tiered, compressed oops, compressed class ptrs, g1 gc, windows-amd64)
GC Precious Log:
 CardTable entry size: 512
 Card Set container configuration: InlinePtr #cards 5 size 8 Array Of Cards #cards 12 size 40 Howl #buckets 4 coarsen threshold 1843 Howl Bitmap #cards 512 size 80 coarsen threshold 460 Card regions per heap region 1 cards per card region 2048
 CPUs: 4 total, 4 available
 Memory: 8074M
 Large Page Support: Disabled
 NUMA Support: Disabled
 Compressed Oops: Enabled (32-bit)
 Heap Region Size: 1M
 Heap Min Capacity: 8M
 Heap Initial Capacity: 128M
 Heap Max Capacity: 2G
 Pre-touch: Disabled
 Parallel Workers: 4
 Concurrent Workers: 1
 Concurrent Refinement Workers: 4
 Periodic GC: Disabled
Heap:
 garbage-first heap   total 224256K, used 143360K [0x0000000080000000, 0x0000000100000000)
  region size 1024K, 6 young (6144K), 6 survivors (6144K)
 Metaspace       used 95765K, committed 98048K, reserved 552960K
  class space    used 13081K, committed 14208K, reserved 421888K
GC Heap History (20 events):
Event: 56.682 GC heap after
{Heap after GC invocations=45 (full 0):
 garbage-first heap   total 161792K, used 93428K [0x0000000080000000, 0x0000000100000000)
  region size 1024K, 1 young (1024K), 1 survivors (1024K)
 Metaspace       used 86451K, committed 88576K, reserved 552960K
  class space    used 11872K, committed 12992K, reserved 421888K
}
Event: 58.025 GC heap before
{Heap before GC invocations=45 (full 0):
 garbage-first heap   total 161792K, used 118004K [0x0000000080000000, 0x0000000100000000)
  region size 1024K, 27 young (27648K), 1 survivors (1024K)
 Metaspace       used 86883K, committed 89088K, reserved 552960K
  class space    used 11890K, committed 12992K, reserved 421888K
}
Event: 58.032 GC heap after
{Heap after GC invocations=46 (full 0):
 garbage-first heap   total 161792K, used 97450K [0x0000000080000000, 0x0000000100000000)
  region size 1024K, 5 young (5120K), 5 survivors (5120K)
 Metaspace       used 86883K, committed 89088K, reserved 552960K
  class space    used 11890K, committed 12992K, reserved 421888K
}
Event: 59.413 GC heap before
{Heap before GC invocations=47 (full 0):
 garbage-first heap   total 178176K, used 132266K [0x0000000080000000, 0x0000000100000000)
  region size 1024K, 36 young (36864K), 5 survivors (5120K)
 Metaspace       used 87173K, committed 89408K, reserved 552960K
  class space    used 11913K, committed 13056K, reserved 421888K
}
Event: 59.432 GC heap after
{Heap after GC invocations=48 (full 0):
 garbage-first heap   total 178176K, used 109165K [0x0000000080000000, 0x0000000100000000)
  region size 1024K, 5 young (5120K), 5 survivors (5120K)
 Metaspace       used 87173K, committed 89408K, reserved 552960K
  class space    used 11913K, committed 13056K, reserved 421888K
}
Event: 59.614 GC heap before
{Heap before GC invocations=48 (full 0):
 garbage-first heap   total 178176K, used 119405K [0x0000000080000000, 0x0000000100000000)
  region size 1024K, 8 young (8192K), 5 survivors (5120K)
 Metaspace       used 87181K, committed 89408K, reserved 552960K
  class space    used 11913K, committed 13056K, reserved 421888K
}
Event: 59.621 GC heap after
{Heap after GC invocations=49 (full 0):
 garbage-first heap   total 178176K, used 120099K [0x0000000080000000, 0x0000000100000000)
  region size 1024K, 1 young (1024K), 1 survivors (1024K)
 Metaspace       used 87181K, committed 89408K, reserved 552960K
  class space    used 11913K, committed 13056K, reserved 421888K
}
Event: 59.722 GC heap before
{Heap before GC invocations=49 (full 0):
 garbage-first heap   total 178176K, used 122147K [0x0000000080000000, 0x0000000100000000)
  region size 1024K, 4 young (4096K), 1 survivors (1024K)
 Metaspace       used 87181K, committed 89408K, reserved 552960K
  class space    used 11913K, committed 13056K, reserved 421888K
}
Event: 59.724 GC heap after
{Heap after GC invocations=50 (full 0):
 garbage-first heap   total 178176K, used 121418K [0x0000000080000000, 0x0000000100000000)
  region size 1024K, 3 young (3072K), 3 survivors (3072K)
 Metaspace       used 87181K, committed 89408K, reserved 552960K
  class space    used 11913K, committed 13056K, reserved 421888K
}
Event: 60.998 GC heap before
{Heap before GC invocations=51 (full 0):
 garbage-first heap   total 211968K, used 140874K [0x0000000080000000, 0x0000000100000000)
  region size 1024K, 22 young (22528K), 3 survivors (3072K)
 Metaspace       used 89221K, committed 91392K, reserved 552960K
  class space    used 12208K, committed 13312K, reserved 421888K
}
Event: 61.002 GC heap after
{Heap after GC invocations=52 (full 0):
 garbage-first heap   total 211968K, used 122996K [0x0000000080000000, 0x0000000100000000)
  region size 1024K, 3 young (3072K), 3 survivors (3072K)
 Metaspace       used 89221K, committed 91392K, reserved 552960K
  class space    used 12208K, committed 13312K, reserved 421888K
}
Event: 61.636 GC heap before
{Heap before GC invocations=52 (full 0):
 garbage-first heap   total 211968K, used 129140K [0x0000000080000000, 0x0000000100000000)
  region size 1024K, 10 young (10240K), 3 survivors (3072K)
 Metaspace       used 89930K, committed 92032K, reserved 552960K
  class space    used 12295K, committed 13376K, reserved 421888K
}
Event: 61.641 GC heap after
{Heap after GC invocations=53 (full 0):
 garbage-first heap   total 211968K, used 122209K [0x0000000080000000, 0x0000000100000000)
  region size 1024K, 1 young (1024K), 1 survivors (1024K)
 Metaspace       used 89930K, committed 92032K, reserved 552960K
  class space    used 12295K, committed 13376K, reserved 421888K
}
Event: 63.318 GC heap before
{Heap before GC invocations=53 (full 0):
 garbage-first heap   total 211968K, used 159073K [0x0000000080000000, 0x0000000100000000)
  region size 1024K, 37 young (37888K), 1 survivors (1024K)
 Metaspace       used 91860K, committed 94080K, reserved 552960K
  class space    used 12557K, committed 13696K, reserved 421888K
}
Event: 63.329 GC heap after
{Heap after GC invocations=54 (full 0):
 garbage-first heap   total 211968K, used 127533K [0x0000000080000000, 0x0000000100000000)
  region size 1024K, 5 young (5120K), 5 survivors (5120K)
 Metaspace       used 91860K, committed 94080K, reserved 552960K
  class space    used 12557K, committed 13696K, reserved 421888K
}
Event: 65.156 GC heap before
{Heap before GC invocations=55 (full 0):
 garbage-first heap   total 224256K, used 163373K [0x0000000080000000, 0x0000000100000000)
  region size 1024K, 40 young (40960K), 5 survivors (5120K)
 Metaspace       used 94305K, committed 96576K, reserved 552960K
  class space    used 12890K, committed 14016K, reserved 421888K
}
Event: 65.167 GC heap after
{Heap after GC invocations=56 (full 0):
 garbage-first heap   total 224256K, used 133663K [0x0000000080000000, 0x0000000100000000)
  region size 1024K, 5 young (5120K), 5 survivors (5120K)
 Metaspace       used 94305K, committed 96576K, reserved 552960K
  class space    used 12890K, committed 14016K, reserved 421888K
}
Event: 65.268 GC heap before
{Heap before GC invocations=56 (full 0):
 garbage-first heap   total 224256K, used 138783K [0x0000000080000000, 0x0000000100000000)
  region size 1024K, 10 young (10240K), 5 survivors (5120K)
 Metaspace       used 94428K, committed 96640K, reserved 552960K
  class space    used 12907K, committed 14016K, reserved 421888K
}
Event: 65.274 GC heap after
{Heap after GC invocations=57 (full 0):
 garbage-first heap   total 224256K, used 133700K [0x0000000080000000, 0x0000000100000000)
  region size 1024K, 2 young (2048K), 2 survivors (2048K)
 Metaspace       used 94428K, committed 96640K, reserved 552960K
  class space    used 12907K, committed 14016K, reserved 421888K
}
Event: 66.347 GC heap before
{Heap before GC invocations=57 (full 0):
 garbage-first heap   total 224256K, used 174660K [0x0000000080000000, 0x0000000100000000)
  region size 1024K, 41 young (41984K), 2 survivors (2048K)
 Metaspace       used 95765K, committed 98048K, reserved 552960K
  class space    used 13081K, committed 14208K, reserved 421888K
}

