# JRE version: Java(TM) SE Runtime Environment (19.0.2+7) (build 19.0.2+7-44)
# Java VM: Java HotSpot(TM) 64-Bit Server VM (19.0.2+7-44, mixed mode, sharing, tiered, compressed oops, compressed class ptrs, g1 gc, windows-amd64)
GC Precious Log:
 CardTable entry size: 512
 Card Set container configuration: InlinePtr #cards 5 size 8 Array Of Cards #cards 12 size 40 Howl #buckets 4 coarsen threshold 1843 Howl Bitmap #cards 512 size 80 coarsen threshold 460 Card regions per heap region 1 cards per card region 2048
 CPUs: 4 total, 4 available
 Memory: 8074M
 Large Page Support: Disabled
 NUMA Support: Disabled
 Compressed Oops: Enabled (32-bit)
 Heap Region Size: 1M
 Heap Min Capacity: 8M
 Heap Initial Capacity: 128M
 Heap Max Capacity: 2G
 Pre-touch: Disabled
 Parallel Workers: 4
 Concurrent Workers: 1
 Concurrent Refinement Workers: 4
 Periodic GC: Disabled
Heap:
 garbage-first heap   total 362496K, used 217097K [0x0000000080000000, 0x0000000100000000)
  region size 1024K, 9 young (9216K), 2 survivors (2048K)
 Metaspace       used 112205K, committed 114688K, reserved 552960K
  class space    used 15231K, committed 16448K, reserved 421888K
GC Heap History (20 events):
Event: 134.914 GC heap before
{Heap before GC invocations=61 (full 0):
 garbage-first heap   total 241664K, used 205464K [0x0000000080000000, 0x0000000100000000)
  region size 1024K, 25 young (25600K), 4 survivors (4096K)
 Metaspace       used 107130K, committed 109696K, reserved 552960K
  class space    used 14577K, committed 15872K, reserved 421888K
}
Event: 134.922 GC heap after
{Heap after GC invocations=62 (full 0):
 garbage-first heap   total 241664K, used 186789K [0x0000000080000000, 0x0000000100000000)
  region size 1024K, 3 young (3072K), 3 survivors (3072K)
 Metaspace       used 107130K, committed 109696K, reserved 552960K
  class space    used 14577K, committed 15872K, reserved 421888K
}
Event: 136.759 GC heap before
{Heap before GC invocations=62 (full 0):
 garbage-first heap   total 241664K, used 206245K [0x0000000080000000, 0x0000000100000000)
  region size 1024K, 23 young (23552K), 3 survivors (3072K)
 Metaspace       used 107276K, committed 109824K, reserved 552960K
  class space    used 14594K, committed 15872K, reserved 421888K
}
Event: 136.770 GC heap after
{Heap after GC invocations=63 (full 0):
 garbage-first heap   total 241664K, used 190752K [0x0000000080000000, 0x0000000100000000)
  region size 1024K, 3 young (3072K), 3 survivors (3072K)
 Metaspace       used 107276K, committed 109824K, reserved 552960K
  class space    used 14594K, committed 15872K, reserved 421888K
}
Event: 137.491 GC heap before
{Heap before GC invocations=63 (full 0):
 garbage-first heap   total 241664K, used 208160K [0x0000000080000000, 0x0000000100000000)
  region size 1024K, 19 young (19456K), 3 survivors (3072K)
 Metaspace       used 107481K, committed 110016K, reserved 552960K
  class space    used 14616K, committed 15872K, reserved 421888K
}
Event: 137.498 GC heap after
{Heap after GC invocations=64 (full 0):
 garbage-first heap   total 241664K, used 196600K [0x0000000080000000, 0x0000000100000000)
  region size 1024K, 3 young (3072K), 3 survivors (3072K)
 Metaspace       used 107481K, committed 110016K, reserved 552960K
  class space    used 14616K, committed 15872K, reserved 421888K
}
Event: 138.268 GC heap before
{Heap before GC invocations=64 (full 0):
 garbage-first heap   total 241664K, used 208888K [0x0000000080000000, 0x0000000100000000)
  region size 1024K, 15 young (15360K), 3 survivors (3072K)
 Metaspace       used 108443K, committed 110976K, reserved 552960K
  class space    used 14759K, committed 16000K, reserved 421888K
}
Event: 138.274 GC heap after
{Heap after GC invocations=65 (full 0):
 garbage-first heap   total 241664K, used 199174K [0x0000000080000000, 0x0000000100000000)
  region size 1024K, 2 young (2048K), 2 survivors (2048K)
 Metaspace       used 108443K, committed 110976K, reserved 552960K
  class space    used 14759K, committed 16000K, reserved 421888K
}
Event: 139.207 GC heap before
{Heap before GC invocations=65 (full 0):
 garbage-first heap   total 241664K, used 209414K [0x0000000080000000, 0x0000000100000000)
  region size 1024K, 12 young (12288K), 2 survivors (2048K)
 Metaspace       used 109650K, committed 112192K, reserved 552960K
  class space    used 14957K, committed 16192K, reserved 421888K
}
Event: 139.212 GC heap after
{Heap after GC invocations=66 (full 0):
 garbage-first heap   total 241664K, used 200085K [0x0000000080000000, 0x0000000100000000)
  region size 1024K, 1 young (1024K), 1 survivors (1024K)
 Metaspace       used 109650K, committed 112192K, reserved 552960K
  class space    used 14957K, committed 16192K, reserved 421888K
}
Event: 139.771 GC heap before
{Heap before GC invocations=66 (full 0):
 garbage-first heap   total 241664K, used 210325K [0x0000000080000000, 0x0000000100000000)
  region size 1024K, 11 young (11264K), 1 survivors (1024K)
 Metaspace       used 111365K, committed 113856K, reserved 552960K
  class space    used 15143K, committed 16384K, reserved 421888K
}
Event: 139.777 GC heap after
{Heap after GC invocations=67 (full 0):
 garbage-first heap   total 241664K, used 202109K [0x0000000080000000, 0x0000000100000000)
  region size 1024K, 2 young (2048K), 2 survivors (2048K)
 Metaspace       used 111365K, committed 113856K, reserved 552960K
  class space    used 15143K, committed 16384K, reserved 421888K
}
Event: 140.603 GC heap before
{Heap before GC invocations=67 (full 0):
 garbage-first heap   total 241664K, used 211325K [0x0000000080000000, 0x0000000100000000)
  region size 1024K, 11 young (11264K), 2 survivors (2048K)
 Metaspace       used 111588K, committed 114112K, reserved 552960K
  class space    used 15173K, committed 16448K, reserved 421888K
}
Event: 140.614 GC heap after
{Heap after GC invocations=68 (full 0):
 garbage-first heap   total 241664K, used 204166K [0x0000000080000000, 0x0000000100000000)
  region size 1024K, 2 young (2048K), 2 survivors (2048K)
 Metaspace       used 111588K, committed 114112K, reserved 552960K
  class space    used 15173K, committed 16448K, reserved 421888K
}
Event: 141.271 GC heap before
{Heap before GC invocations=68 (full 0):
 garbage-first heap   total 241664K, used 213382K [0x0000000080000000, 0x0000000100000000)
  region size 1024K, 11 young (11264K), 2 survivors (2048K)
 Metaspace       used 111660K, committed 114176K, reserved 552960K
  class space    used 15174K, committed 16448K, reserved 421888K
}
Event: 141.278 GC heap after
{Heap after GC invocations=69 (full 0):
 garbage-first heap   total 241664K, used 206227K [0x0000000080000000, 0x0000000100000000)
  region size 1024K, 2 young (2048K), 2 survivors (2048K)
 Metaspace       used 111660K, committed 114176K, reserved 552960K
  class space    used 15174K, committed 16448K, reserved 421888K
}
Event: 142.492 GC heap before
{Heap before GC invocations=69 (full 0):
 garbage-first heap   total 241664K, used 215443K [0x0000000080000000, 0x0000000100000000)
  region size 1024K, 11 young (11264K), 2 survivors (2048K)
 Metaspace       used 111765K, committed 114304K, reserved 552960K
  class space    used 15182K, committed 16448K, reserved 421888K
}
Event: 142.499 GC heap after
{Heap after GC invocations=70 (full 0):
 garbage-first heap   total 241664K, used 208878K [0x0000000080000000, 0x0000000100000000)
  region size 1024K, 2 young (2048K), 2 survivors (2048K)
 Metaspace       used 111765K, committed 114304K, reserved 552960K
  class space    used 15182K, committed 16448K, reserved 421888K
}
Event: 143.454 GC heap before
{Heap before GC invocations=70 (full 0):
 garbage-first heap   total 241664K, used 218094K [0x0000000080000000, 0x0000000100000000)
  region size 1024K, 11 young (11264K), 2 survivors (2048K)
 Metaspace       used 111989K, committed 114496K, reserved 552960K
  class space    used 15205K, committed 16448K, reserved 421888K
}
Event: 143.461 GC heap after
{Heap after GC invocations=71 (full 0):
 garbage-first heap   total 241664K, used 210953K [0x0000000080000000, 0x0000000100000000)
  region size 1024K, 2 young (2048K), 2 survivors (2048K)
 Metaspace       used 111989K, committed 114496K, reserved 552960K
  class space    used 15205K, committed 16448K, reserved 421888K
}

